<?xml version="1.0" encoding="UTF-8"?>
<testsuite xmlns:xsi="http://www.w3.org/2001/XMLSchema-instance" xsi:noNamespaceSchemaLocation="https://maven.apache.org/surefire/maven-surefire-plugin/xsd/surefire-test-report.xsd" version="3.0.2" name="fastaimodel.GgufTest" time="1.119" tests="1" errors="0" skipped="0" failures="0">
  <properties>
[...]
</properties>
  <testcase name="testGgufLoading" classname="fastaimodel.GgufTest" time="1.09">
    <system-out><![CDATA[Model file found, running GGUF load test...
Loading: C:\Users\andre\Documents\2026-05-17-Work-FastJava\FastAIModel\lib\llama.dll
Loading: C:\Users\andre\Documents\2026-05-17-Work-FastJava\FastAIModel\lib\fastaimodel.dll
✅ GGUF Model loaded successfully!
]]></system-out>
  </testcase>
</testsuite>